This is pdfTeX, Version 3.1415926-2.5-1.40.14 (MiKTeX 2.9) (preloaded format=pdflatex 2017.5.3)  14 SEP 2017 22:23
entering extended mode
**C:/Users/Ascen/Desktop/–£—á–µ–±–∞/5*—Å–µ–º–µ—Å—Ç—Ä/–¢–µ–æ—Ä–≤–µ—Ä/–í–æ–ø—Ä–æ—
Å—ã_—Ç–µ–æ—Ä–≤–µ—Ä.tex

("C:/Users/Ascen/Desktop/–£—á–µ–±–∞/5 —Å–µ–º–µ—Å—Ç—Ä/–¢–µ–æ—Ä–≤–µ—Ä/–í–æ–ø—Ä–æ—
Å—ã_—Ç–µ–æ—Ä–≤–µ—Ä.tex"
LaTeX2e <2011/06/27>
Babel <v3.8m> and hyphenation patterns for english, afrikaans, ancientgreek, ar
abic, armenian, assamese, basque, bengali, bokmal, bulgarian, catalan, coptic, 
croatian, czech, danish, dutch, esperanto, estonian, farsi, finnish, french, ga
lician, german, german-x-2013-05-26, greek, gujarati, hindi, hungarian, iceland
ic, indonesian, interlingua, irish, italian, kannada, kurmanji, latin, latvian,
 lithuanian, malayalam, marathi, mongolian, mongolianlmc, monogreek, ngerman, n
german-x-2013-05-26, nynorsk, oriya, panjabi, pinyin, polish, portuguese, roman
ian, russian, sanskrit, serbian, slovak, slovenian, spanish, swedish, swissgerm
an, tamil, telugu, turkish, turkmen, ukenglish, ukrainian, uppersorbian, usengl
ishmax, welsh, loaded.
(M:\Full_TeX\texmf\tex\latex\base\report.cls
Document Class: report 2007/10/19 v1.4h Standard LaTeX document class
(M:\Full_TeX\texmf\tex\latex\base\size11.clo
File: size11.clo 2007/10/19 v1.4h Standard LaTeX file (size option)
)
\c@part=\count79
\c@chapter=\count80
\c@section=\count81
\c@subsection=\count82
\c@subsubsection=\count83
\c@paragraph=\count84
\c@subparagraph=\count85
\c@figure=\count86
\c@table=\count87
\abovecaptionskip=\skip41
\belowcaptionskip=\skip42
\bibindent=\dimen102
)
(M:\Full_TeX\texmf\tex\latex\base\inputenc.sty
Package: inputenc 2008/03/30 v1.1d Input encoding file
\inpenc@prehook=\toks14
\inpenc@posthook=\toks15

(M:\Full_TeX\texmf\tex\latex\cyrillic\cp1251.def
File: cp1251.def 1999/11/16 v1.0d Input encoding file
))
(M:\Full_TeX\texmf\tex\generic\babel\babel.sty
Package: babel 2008/07/08 v3.8m The Babel package

*************************************
* Local config file bblopts.cfg used
*
(M:\Full_TeX\texmf\tex\latex\00miktex\bblopts.cfg
File: bblopts.cfg 2006/07/31 v1.0 MiKTeX 'babel' configuration
)
(M:\Full_TeX\texmf\tex\latex\babel-russian\russianb.ldf
Language: russianb 2017/01/12 1.3i Russian support for the Babel system

(M:\Full_TeX\texmf\tex\generic\babel\babel.def
File: babel.def 2008/07/08 v3.8m Babel common definitions
\babel@savecnt=\count88
\U@D=\dimen103
)

Package babel Warning: No Cyrillic font encoding has been loaded so far.
(babel)                A font encoding should be declared before babel.
(babel)                Default `T2A' encoding will be loaded  on input line 69.


(M:\Full_TeX\texmf\tex\latex\cyrillic\t2aenc.def
File: t2aenc.def 2005/09/27 v1.0i Cyrillic encoding definition file
)
Package babel Info: Making " an active character on input line 111.
))
(M:\Full_TeX\texmf\tex\latex\amsmath\amsmath.sty
Package: amsmath 2013/01/14 v2.14 AMS math features
\@mathmargin=\skip43

For additional information on amsmath, use the `?' option.
(M:\Full_TeX\texmf\tex\latex\amsmath\amstext.sty
Package: amstext 2000/06/29 v2.01

(M:\Full_TeX\texmf\tex\latex\amsmath\amsgen.sty
File: amsgen.sty 1999/11/30 v2.0
\@emptytoks=\toks16
\ex@=\dimen104
))
(M:\Full_TeX\texmf\tex\latex\amsmath\amsbsy.sty
Package: amsbsy 1999/11/29 v1.2d
\pmbraise@=\dimen105
)
(M:\Full_TeX\texmf\tex\latex\amsmath\amsopn.sty
Package: amsopn 1999/12/14 v2.01 operator names
)
\inf@bad=\count89
LaTeX Info: Redefining \frac on input line 210.
\uproot@=\count90
\leftroot@=\count91
LaTeX Info: Redefining \overline on input line 306.
\classnum@=\count92
\DOTSCASE@=\count93
LaTeX Info: Redefining \ldots on input line 378.
LaTeX Info: Redefining \dots on input line 381.
LaTeX Info: Redefining \cdots on input line 466.
\Mathstrutbox@=\box26
\strutbox@=\box27
\big@size=\dimen106
LaTeX Font Info:    Redeclaring font encoding OML on input line 566.
LaTeX Font Info:    Redeclaring font encoding OMS on input line 567.
\macc@depth=\count94
\c@MaxMatrixCols=\count95
\dotsspace@=\muskip10
\c@parentequation=\count96
\dspbrk@lvl=\count97
\tag@help=\toks17
\row@=\count98
\column@=\count99
\maxfields@=\count100
\andhelp@=\toks18
\eqnshift@=\dimen107
\alignsep@=\dimen108
\tagshift@=\dimen109
\tagwidth@=\dimen110
\totwidth@=\dimen111
\lineht@=\dimen112
\@envbody=\toks19
\multlinegap=\skip44
\multlinetaggap=\skip45
\mathdisplay@stack=\toks20
LaTeX Info: Redefining \[ on input line 2665.
LaTeX Info: Redefining \] on input line 2666.
)
(M:\Full_TeX\texmf\tex\latex\amscls\amsthm.sty
Package: amsthm 2004/08/06 v2.20
\thm@style=\toks21
\thm@bodyfont=\toks22
\thm@headfont=\toks23
\thm@notefont=\toks24
\thm@headpunct=\toks25
\thm@preskip=\skip46
\thm@postskip=\skip47
\thm@headsep=\skip48
\dth@everypar=\toks26
)
(M:\Full_TeX\texmf\tex\latex\amsfonts\amsfonts.sty
Package: amsfonts 2013/01/14 v3.01 Basic AMSFonts support
\symAMSa=\mathgroup4
\symAMSb=\mathgroup5
LaTeX Font Info:    Overwriting math alphabet `\mathfrak' in version `bold'
(Font)                  U/euf/m/n --> U/euf/b/n on input line 106.
)
(M:\Full_TeX\texmf\tex\latex\amsfonts\amssymb.sty
Package: amssymb 2013/01/14 v3.01 AMS font symbols
)
(M:\Full_TeX\texmf\tex\latex\graphics\graphicx.sty
Package: graphicx 1999/02/16 v1.0f Enhanced LaTeX Graphics (DPC,SPQR)

(M:\Full_TeX\texmf\tex\latex\graphics\keyval.sty
Package: keyval 1999/03/16 v1.13 key=value parser (DPC)
\KV@toks@=\toks27
)
(M:\Full_TeX\texmf\tex\latex\graphics\graphics.sty
Package: graphics 2009/02/05 v1.0o Standard LaTeX Graphics (DPC,SPQR)

(M:\Full_TeX\texmf\tex\latex\graphics\trig.sty
Package: trig 1999/03/16 v1.09 sin cos tan (DPC)
)
(M:\Full_TeX\texmf\tex\latex\00miktex\graphics.cfg
File: graphics.cfg 2007/01/18 v1.5 graphics configuration of teTeX/TeXLive
)
Package graphics Info: Driver file: pdftex.def on input line 91.

(M:\Full_TeX\texmf\tex\latex\pdftex-def\pdftex.def
File: pdftex.def 2011/05/27 v0.06d Graphics/color for pdfTeX

(M:\Full_TeX\texmf\tex\generic\oberdiek\infwarerr.sty
Package: infwarerr 2010/04/08 v1.3 Providing info/warning/error messages (HO)
)
(M:\Full_TeX\texmf\tex\generic\oberdiek\ltxcmds.sty
Package: ltxcmds 2011/11/09 v1.22 LaTeX kernel commands for general use (HO)
)
\Gread@gobject=\count101
))
\Gin@req@height=\dimen113
\Gin@req@width=\dimen114
)
\c@qst=\count102

("C:\Users\Ascen\Desktop\–£—á–µ–±–∞\5 —Å–µ–º–µ—Å—Ç—Ä\–¢–µ–æ—Ä–≤–µ—Ä\–í–æ–ø—Ä–æ—
Å—ã_—Ç–µ–æ—Ä–≤–µ—Ä.aux"
LaTeX Font Info:    Try loading font information for T2A+cmr on input line 3.
 (M:\Full_TeX\texmf\tex\latex\cyrillic\t2acmr.fd
File: t2acmr.fd 2001/08/11 v1.0a Computer Modern Cyrillic font definitions
))
LaTeX Font Info:    Checking defaults for OML/cmm/m/it on input line 32.
LaTeX Font Info:    ... okay on input line 32.
LaTeX Font Info:    Checking defaults for T1/cmr/m/n on input line 32.
LaTeX Font Info:    ... okay on input line 32.
LaTeX Font Info:    Checking defaults for OT1/cmr/m/n on input line 32.
LaTeX Font Info:    ... okay on input line 32.
LaTeX Font Info:    Checking defaults for OMS/cmsy/m/n on input line 32.
LaTeX Font Info:    ... okay on input line 32.
LaTeX Font Info:    Checking defaults for OMX/cmex/m/n on input line 32.
LaTeX Font Info:    ... okay on input line 32.
LaTeX Font Info:    Checking defaults for U/cmr/m/n on input line 32.
LaTeX Font Info:    ... okay on input line 32.
LaTeX Font Info:    Checking defaults for T2A/cmr/m/n on input line 32.
LaTeX Font Info:    ... okay on input line 32.

(M:\Full_TeX\texmf\tex\context\base\supp-pdf.mkii
[Loading MPS to PDF converter (version 2006.09.02).]
\scratchcounter=\count103
\scratchdimen=\dimen115
\scratchbox=\box28
\nofMPsegments=\count104
\nofMParguments=\count105
\everyMPshowfont=\toks28
\MPscratchCnt=\count106
\MPscratchDim=\dimen116
\MPnumerator=\count107
\makeMPintoPDFobject=\count108
\everyMPtoPDFconversion=\toks29
)
LaTeX Font Info:    Try loading font information for U+msa on input line 36.
 (M:\Full_TeX\texmf\tex\latex\amsfonts\umsa.fd
File: umsa.fd 2013/01/14 v3.01 AMS symbols A
)
LaTeX Font Info:    Try loading font information for U+msb on input line 36.

(M:\Full_TeX\texmf\tex\latex\amsfonts\umsb.fd
File: umsb.fd 2013/01/14 v3.01 AMS symbols B
) [1

{M:/Full_TeX/texmf/pdftex/config/pdftex.map}]
{\cyrillictext \CYRG \cyrl \cyra \cyrv \cyra } 1.
[1

]
("C:\Users\Ascen\Desktop\–£—á–µ–±–∞\5 —Å–µ–º–µ—Å—Ç—Ä\–¢–µ–æ—Ä–≤–µ—Ä\–í–æ–ø—Ä–æ—
Å—ã_—Ç–µ–æ—Ä–≤–µ—Ä.aux") ) 
Here is how much of TeX's memory you used:
 2919 strings out of 493921
 35018 string characters out of 3151365
 88780 words of memory out of 3000000
 6188 multiletter control sequences out of 15000+200000
 12703 words of font info for 38 fonts, out of 3000000 for 9000
 841 hyphenation exceptions out of 8191
 27i,6n,24p,347b,192s stack positions out of 5000i,500n,10000p,200000b,50000s
{M:/Full_TeX/texmf/fonts/enc/dvips/cm-super/cm-super-
t2a.enc}<M:/Full_TeX/texmf/fonts/type1/public/cm-super/sfbx1095.pfb><M:/Full_Te
X/texmf/fonts/type1/public/cm-super/sfrm1095.pfb><M:/Full_TeX/texmf/fonts/type1
/public/cm-super/sfrm1200.pfb><M:/Full_TeX/texmf/fonts/type1/public/cm-super/sf
rm1728.pfb><M:/Full_TeX/texmf/fonts/type1/public/cm-super/sfti1095.pfb>
Output written on –í–æ–ø—Ä–æ—Å—ã_—Ç–µ–æ—Ä–≤–µ—Ä.pdf (2 pages, 91899 bytes).
PDF statistics:
 30 PDF objects out of 1000 (max. 8388607)
 0 named destinations out of 1000 (max. 500000)
 1 words of extra memory for PDF output out of 10000 (max. 10000000)

